2019-10-19 06:59:22,049  INFO [main] nopcommerce:39 - ********* Launching browser***************
2019-10-19 06:59:22,115  INFO [main] nopcommerce:45 - ********* Opening URL***************
2019-10-19 06:59:26,022  INFO [main] nopcommerce:53 - ********* Proving user info ***************
2019-10-19 06:59:36,257  INFO [main] nopcommerce:67 - *********Login Validation starts ***************
2019-10-19 06:59:36,653  INFO [main] nopcommerce:76 - *********Login successfull ***************
2019-10-19 06:59:39,675  INFO [main] nopcommerce:84 - *********Logout from application***************
2019-10-19 06:59:41,279  INFO [main] nopcommerce:67 - *********Login Validation starts ***************
2019-10-19 06:59:41,330  INFO [main] nopcommerce:76 - *********Login successfull ***************
2019-10-19 06:59:44,350  INFO [main] nopcommerce:90 - *********Closing application ***************
2019-10-19 07:12:43,399  INFO [main] nopcommerce:65 - ********* Launching browser***************
2019-10-19 07:12:43,481  INFO [main] nopcommerce:71 - ********* Opening URL***************
2019-10-19 07:13:19,074  INFO [main] nopcommerce:79 - ********* Proving user info ***************
2019-10-19 07:13:27,624  INFO [main] nopcommerce:93 - *********Login Validation starts ***************
2019-10-19 07:13:27,650  INFO [main] nopcommerce:102 - *********Login successfull ***************
2019-10-19 07:15:23,911  INFO [main] nopcommerce:65 - ********* Launching browser***************
2019-10-19 07:15:24,011  INFO [main] nopcommerce:71 - ********* Opening URL***************
2019-10-19 07:15:26,136  INFO [main] nopcommerce:79 - ********* Proving user info ***************
2019-10-19 07:15:37,895  INFO [main] nopcommerce:93 - *********Login Validation starts ***************
2019-10-19 07:15:37,943  INFO [main] nopcommerce:102 - *********Login successfull ***************
2019-10-19 07:15:42,959  INFO [main] nopcommerce:110 - *********Logout from application***************
2019-10-19 07:15:44,606  INFO [main] nopcommerce:93 - *********Login Validation starts ***************
2019-10-19 07:15:44,660  INFO [main] nopcommerce:102 - *********Login successfull ***************
2019-10-19 07:15:49,676  INFO [main] nopcommerce:116 - *********Closing application ***************
2019-10-19 07:21:12,040  INFO [main] nopcommerce:65 - ********* Launching browser***************
2019-10-19 07:21:12,119  INFO [main] nopcommerce:71 - ********* Opening URL***************
2019-10-19 07:21:15,927  INFO [main] nopcommerce:79 - ********* Proving user info ***************
2019-10-19 07:21:27,995  INFO [main] nopcommerce:126 - ********* Adding Customer Scenario started  ***************
2019-10-19 07:21:27,996  INFO [main] nopcommerce:128 - ********* Dashboard Display validation ***************
2019-10-19 07:21:37,169  INFO [main] nopcommerce:160 - ********* Providing Customer details ***************
2019-10-19 07:21:47,008  INFO [main] nopcommerce:186 - ********* Add customer validation ***************
2019-10-19 07:21:47,316  INFO [main] nopcommerce:116 - *********Closing application ***************
2019-10-19 07:21:50,582  INFO [main] nopcommerce:65 - ********* Launching browser***************
2019-10-19 07:21:50,584  INFO [main] nopcommerce:71 - ********* Opening URL***************
2019-10-19 07:21:54,212  INFO [main] nopcommerce:79 - ********* Proving user info ***************
2019-10-19 07:22:06,579  INFO [main] nopcommerce:126 - ********* Adding Customer Scenario started  ***************
2019-10-19 07:22:06,580  INFO [main] nopcommerce:128 - ********* Dashboard Display validation ***************
2019-10-19 07:22:13,297  INFO [main] nopcommerce:195 - ********* Search Customer by Email ID Scenario started ***************
2019-10-19 07:22:17,054  INFO [main] nopcommerce:209 - ********* Search customer by email validation ***************
2019-10-19 07:22:17,146  INFO [main] nopcommerce:116 - *********Closing application ***************
2019-10-19 07:22:20,327  INFO [main] nopcommerce:65 - ********* Launching browser***************
2019-10-19 07:22:20,329  INFO [main] nopcommerce:71 - ********* Opening URL***************
2019-10-19 07:22:24,590  INFO [main] nopcommerce:79 - ********* Proving user info ***************
2019-10-19 07:22:36,115  INFO [main] nopcommerce:126 - ********* Adding Customer Scenario started  ***************
2019-10-19 07:22:36,116  INFO [main] nopcommerce:128 - ********* Dashboard Display validation ***************
2019-10-19 07:22:43,047  INFO [main] nopcommerce:217 - ********* Seqarch custoemr by Name Scenario started ***************
2019-10-19 07:22:43,390  INFO [main] nopcommerce:224 - ********* Providing customer name ***************
2019-10-19 07:22:46,708  INFO [main] nopcommerce:231 - ********* Search customer by name validation ***************
2019-10-19 07:22:46,809  INFO [main] nopcommerce:116 - *********Closing application ***************
2019-10-19 07:25:26,238  INFO [main] nopcommerce:65 - ********* Launching browser***************
2019-10-19 07:25:26,326  INFO [main] nopcommerce:71 - ********* Opening URL***************
2019-10-19 07:25:29,915  INFO [main] nopcommerce:79 - ********* Proving user info ***************
2019-10-19 07:25:41,081  INFO [main] nopcommerce:126 - ********* Adding Customer Scenario started  ***************
2019-10-19 07:25:41,083  INFO [main] nopcommerce:128 - ********* Dashboard Display validation ***************
2019-10-19 07:25:49,862  INFO [main] nopcommerce:160 - ********* Providing Customer details ***************
2019-10-19 07:25:59,679  INFO [main] nopcommerce:186 - ********* Add customer validation ***************
2019-10-19 07:25:59,968  INFO [main] nopcommerce:116 - *********Closing application ***************
2019-10-19 07:29:18,905  INFO [main] nopcommerce:65 - ********* Launching browser***************
2019-10-19 07:29:19,030  INFO [main] nopcommerce:71 - ********* Opening URL***************
2019-10-19 07:29:22,837  INFO [main] nopcommerce:79 - ********* Proving user info ***************
2019-10-19 07:29:36,416  INFO [main] nopcommerce:126 - ********* Adding Customer Scenario started  ***************
2019-10-19 07:29:36,420  INFO [main] nopcommerce:128 - ********* Dashboard Display validation ***************
2019-10-19 07:29:44,762  INFO [main] nopcommerce:160 - ********* Providing Customer details ***************
2019-10-19 07:29:55,215  INFO [main] nopcommerce:186 - ********* Add customer validation ***************
2019-10-19 07:29:55,695  INFO [main] nopcommerce:116 - *********Closing application ***************
2019-10-19 07:39:27,592  INFO [main] nopcommerce:65 - ********* Launching browser***************
2019-10-19 07:39:27,674  INFO [main] nopcommerce:71 - ********* Opening URL***************
2019-10-19 07:39:31,584  INFO [main] nopcommerce:79 - ********* Proving user info ***************
2019-10-19 07:39:43,098  INFO [main] nopcommerce:126 - ********* Adding Customer Scenario started  ***************
2019-10-19 07:39:43,100  INFO [main] nopcommerce:128 - ********* Dashboard Display validation ***************
2019-10-19 07:39:51,411  INFO [main] nopcommerce:160 - ********* Providing Customer details ***************
2019-10-19 07:40:01,144  INFO [main] nopcommerce:186 - ********* Add customer validation ***************
2019-10-19 07:40:01,427  INFO [main] nopcommerce:116 - *********Closing application ***************
2019-10-19 07:53:26,474  INFO [main] nopcommerce:65 - ********* Launching browser***************
2019-10-19 07:53:26,520  INFO [main] nopcommerce:71 - ********* Opening URL***************
2019-10-19 07:54:12,836  INFO [main] nopcommerce:65 - ********* Launching browser***************
2019-10-19 07:54:13,056  INFO [main] nopcommerce:71 - ********* Opening URL***************
2019-10-19 07:54:17,060  INFO [main] nopcommerce:79 - ********* Proving user info ***************
2019-10-19 07:54:29,774  INFO [main] nopcommerce:126 - ********* Adding Customer Scenario started  ***************
2019-10-19 07:54:29,778  INFO [main] nopcommerce:128 - ********* Dashboard Display validation ***************
2019-10-19 07:54:42,666  INFO [main] nopcommerce:160 - ********* Providing Customer details ***************
2019-10-19 07:54:52,504  INFO [main] nopcommerce:186 - ********* Add customer validation ***************
2019-10-19 07:54:52,880  INFO [main] nopcommerce:116 - *********Closing application ***************
2023-06-10 16:01:55,427  INFO [main] nopcommerce:65 - ********* Launching browser***************
2023-06-10 16:01:55,442  INFO [main] nopcommerce:71 - ********* Opening URL***************
2023-06-10 16:01:57,104  INFO [main] nopcommerce:79 - ********* Proving user info ***************
2023-06-12 16:38:17,507  INFO [main] nopcommerce:65 - ********* Launching browser***************
2023-06-12 16:38:17,531  INFO [main] nopcommerce:71 - ********* Opening URL***************
2023-06-12 16:38:19,346  INFO [main] nopcommerce:79 - ********* Proving user info ***************
2023-06-12 16:42:18,985  INFO [main] nopcommerce:65 - ********* Launching browser***************
2023-06-12 16:42:19,005  INFO [main] nopcommerce:71 - ********* Opening URL***************
2023-06-12 16:42:20,950  INFO [main] nopcommerce:79 - ********* Proving user info ***************
2023-06-12 16:42:30,299  INFO [main] nopcommerce:126 - ********* Adding Customer Scenario started  ***************
2023-06-12 16:42:30,301  INFO [main] nopcommerce:128 - ********* Dashboard Display validation ***************
2023-06-12 16:43:09,634  INFO [main] nopcommerce:65 - ********* Launching browser***************
2023-06-12 16:43:09,657  INFO [main] nopcommerce:71 - ********* Opening URL***************
2023-06-12 16:43:11,372  INFO [main] nopcommerce:79 - ********* Proving user info ***************
2023-06-12 16:43:19,649  INFO [main] nopcommerce:93 - *********Login Validation starts ***************
2023-06-12 16:43:19,691  INFO [main] nopcommerce:102 - *********Login successfull ***************
2023-06-12 16:43:24,711  INFO [main] nopcommerce:110 - *********Logout from application***************
2023-06-12 16:43:26,144  INFO [main] nopcommerce:93 - *********Login Validation starts ***************
2023-06-12 16:43:26,158  INFO [main] nopcommerce:102 - *********Login successfull ***************
2023-06-12 16:43:31,170  INFO [main] nopcommerce:116 - *********Closing application ***************
2023-06-12 17:10:23,669  INFO [main] nopcommerce:70 - ********* Launching browser***************
2023-06-12 17:10:23,689  INFO [main] nopcommerce:76 - ********* Opening URL***************
2023-06-12 17:10:25,801  INFO [main] nopcommerce:84 - ********* Proving user info ***************
2023-06-12 17:10:31,844  INFO [main] nopcommerce:98 - *********Login Validation starts ***************
2023-06-12 17:10:31,873  INFO [main] nopcommerce:107 - *********Login successfull ***************
2023-06-17 23:12:10,010  INFO [main] nopcommerce:70 - ********* Launching browser***************
2023-06-17 23:12:10,028  INFO [main] nopcommerce:76 - ********* Opening URL***************
2023-06-17 23:12:11,806  INFO [main] nopcommerce:84 - ********* Proving user info ***************
2023-06-17 23:12:15,892  INFO [main] nopcommerce:98 - *********Login Validation starts ***************
2023-06-17 23:12:15,942  INFO [main] nopcommerce:107 - *********Login successfull ***************
2023-06-17 23:12:15,966  INFO [main] nopcommerce:116 - *********Logout from application***************
2023-06-17 23:12:17,866  INFO [main] nopcommerce:98 - *********Login Validation starts ***************
2023-06-17 23:12:17,890  INFO [main] nopcommerce:107 - *********Login successfull ***************
2023-06-17 23:12:17,894  INFO [main] nopcommerce:122 - *********Closing application ***************
2023-06-17 23:15:16,530  INFO [main] nopcommerce:70 - ********* Launching browser***************
2023-06-17 23:15:16,548  INFO [main] nopcommerce:76 - ********* Opening URL***************
2023-06-17 23:15:18,360  INFO [main] nopcommerce:84 - ********* Proving user info ***************
2023-06-17 23:15:22,451  INFO [main] nopcommerce:98 - *********Login Validation starts ***************
2023-06-17 23:15:22,500  INFO [main] nopcommerce:107 - *********Login successfull ***************
2023-06-17 23:15:22,515  INFO [main] nopcommerce:116 - *********Logout from application***************
2023-06-17 23:15:24,167  INFO [main] nopcommerce:98 - *********Login Validation starts ***************
2023-06-17 23:15:24,178  INFO [main] nopcommerce:107 - *********Login successfull ***************
2023-06-17 23:15:24,183  INFO [main] nopcommerce:122 - *********Closing application ***************
2023-06-18 23:16:24,097  INFO [main] nopcommerce:70 - ********* Launching browser***************
2023-06-18 23:16:24,118  INFO [main] nopcommerce:76 - ********* Opening URL***************
2023-06-18 23:16:25,863  INFO [main] nopcommerce:84 - ********* Proving user info ***************
2023-06-18 23:16:30,559  INFO [main] nopcommerce:98 - *********Login Validation starts ***************
2023-06-18 23:16:30,604  INFO [main] nopcommerce:107 - *********Login successfull ***************
2023-06-18 23:16:30,612  INFO [main] nopcommerce:116 - *********Logout from application***************
2023-06-19 09:36:36,409  INFO [main] nopcommerce:70 - ********* Launching browser***************
2023-06-19 09:36:36,427  INFO [main] nopcommerce:76 - ********* Opening URL***************
2023-06-19 09:36:38,342  INFO [main] nopcommerce:84 - ********* Proving user info ***************
2023-06-19 09:36:42,553  INFO [main] nopcommerce:98 - *********Login Validation starts ***************
2023-06-19 09:36:42,598  INFO [main] nopcommerce:107 - *********Login successfull ***************
2023-06-19 09:36:42,606  INFO [main] nopcommerce:116 - *********Logout from application***************
2023-06-19 09:36:44,361  INFO [main] nopcommerce:98 - *********Login Validation starts ***************
2023-06-19 09:36:44,381  INFO [main] nopcommerce:107 - *********Login successfull ***************
2023-06-19 09:36:44,386  INFO [main] nopcommerce:122 - *********Closing application ***************
2023-06-27 09:58:04,489  INFO [main] nopcommerce:70 - ********* Launching browser***************
2023-06-27 09:58:04,507  INFO [main] nopcommerce:76 - ********* Opening URL***************
2023-06-27 09:58:06,299  INFO [main] nopcommerce:84 - ********* Proving user info ***************
2023-06-27 09:58:12,643  INFO [main] nopcommerce:98 - *********Login Validation starts ***************
2023-06-27 09:58:12,677  INFO [main] nopcommerce:107 - *********Login successfull ***************
2023-06-27 09:58:12,688  INFO [main] nopcommerce:116 - *********Logout from application***************
